repo=worldenergydata loc=specs files=286 target=/mnt/local-analysis/workspace-hub/specs/repos/worldenergydata/specs dry_run=true
  would-move: /mnt/local-analysis/workspace-hub/worldenergydata/specs/.gitkeep
  would-move: /mnt/local-analysis/workspace-hub/worldenergydata/specs/archive/legacy-agent-os/product/.gitkeep
  would-move: /mnt/local-analysis/workspace-hub/worldenergydata/specs/archive/legacy-agent-os/product/decisions.md
  would-move: /mnt/local-analysis/workspace-hub/worldenergydata/specs/archive/legacy-agent-os/product/mission.md
  would-move: /mnt/local-analysis/workspace-hub/worldenergydata/specs/archive/legacy-agent-os/product/roadmap.md
  would-move: /mnt/local-analysis/workspace-hub/worldenergydata/specs/archive/legacy-agent-os/product/tech-stack.md
  would-move: /mnt/local-analysis/workspace-hub/worldenergydata/specs/modules/.gitkeep
  would-move: /mnt/local-analysis/workspace-hub/worldenergydata/specs/modules/analysis/archieve/drilling_completion/api12-drilling-completion-analysis/spec.md
  would-move: /mnt/local-analysis/workspace-hub/worldenergydata/specs/modules/analysis/archieve/drilling_completion/api12-drilling-completion-analysis/sub-specs/technical-spec.md
  would-move: /mnt/local-analysis/workspace-hub/worldenergydata/specs/modules/analysis/archieve/drilling_completion/api12-drilling-completion-analysis/sub-specs/tests.md
  would-move: /mnt/local-analysis/workspace-hub/worldenergydata/specs/modules/analysis/archieve/drilling_completion/api12-drilling-completion-analysis/tasks.md
  would-move: /mnt/local-analysis/workspace-hub/worldenergydata/specs/modules/analysis/archieve/drilling_completion/drilling-completion-days-comparison/spec.md
  would-move: /mnt/local-analysis/workspace-hub/worldenergydata/specs/modules/analysis/archieve/drilling_completion/drilling-completion-days-comparison/sub-specs/technical-spec.md
  would-move: /mnt/local-analysis/workspace-hub/worldenergydata/specs/modules/analysis/archieve/drilling_completion/drilling-completion-days-comparison/sub-specs/tests.md
  would-move: /mnt/local-analysis/workspace-hub/worldenergydata/specs/modules/analysis/archieve/drilling_completion/drilling-completion-days-comparison/tasks.md
  would-move: /mnt/local-analysis/workspace-hub/worldenergydata/specs/modules/analysis/archieve/drilling_completion/drilling-completion-days-implementation/spec.md
  would-move: /mnt/local-analysis/workspace-hub/worldenergydata/specs/modules/analysis/archieve/drilling_completion/drilling-completion-days-implementation/sub-specs/technical-spec.md
  would-move: /mnt/local-analysis/workspace-hub/worldenergydata/specs/modules/analysis/archieve/drilling_completion/drilling-completion-days-implementation/sub-specs/tests.md
  would-move: /mnt/local-analysis/workspace-hub/worldenergydata/specs/modules/analysis/archieve/drilling_completion/drilling-completion-days-implementation/tasks.md
  would-move: /mnt/local-analysis/workspace-hub/worldenergydata/specs/modules/analysis/archieve/drilling_completion/drilling-completion-output-validation/spec.md
  would-move: /mnt/local-analysis/workspace-hub/worldenergydata/specs/modules/analysis/archieve/drilling_completion/drilling-completion-output-validation/sub-specs/technical-spec.md
  would-move: /mnt/local-analysis/workspace-hub/worldenergydata/specs/modules/analysis/archieve/drilling_completion/drilling-completion-output-validation/sub-specs/tests.md
  would-move: /mnt/local-analysis/workspace-hub/worldenergydata/specs/modules/analysis/archieve/drilling_completion/drilling-completion-output-validation/tasks.md
  would-move: /mnt/local-analysis/workspace-hub/worldenergydata/specs/modules/analysis/archieve/drilling_completion/drilling-completion-script-validation/spec.md
  would-move: /mnt/local-analysis/workspace-hub/worldenergydata/specs/modules/analysis/archieve/drilling_completion/drilling-completion-script-validation/sub-specs/technical-spec.md
  would-move: /mnt/local-analysis/workspace-hub/worldenergydata/specs/modules/analysis/archieve/drilling_completion/drilling-completion-script-validation/sub-specs/tests.md
  would-move: /mnt/local-analysis/workspace-hub/worldenergydata/specs/modules/analysis/archieve/drilling_completion/drilling-completion-script-validation/tasks.md
  would-move: /mnt/local-analysis/workspace-hub/worldenergydata/specs/modules/analysis/archieve/drilling_completion/multiple-wells-comparison-test/spec.md
  would-move: /mnt/local-analysis/workspace-hub/worldenergydata/specs/modules/analysis/archieve/drilling_completion/multiple-wells-comparison-test/sub-specs/technical-spec.md
  would-move: /mnt/local-analysis/workspace-hub/worldenergydata/specs/modules/analysis/archieve/drilling_completion/multiple-wells-comparison-test/sub-specs/tests.md
  would-move: /mnt/local-analysis/workspace-hub/worldenergydata/specs/modules/analysis/archieve/drilling_completion/multiple-wells-comparison-test/tasks.md
  would-move: /mnt/local-analysis/workspace-hub/worldenergydata/specs/modules/analysis/archieve/npv/npv-calculation-accuracy/spec.md
  would-move: /mnt/local-analysis/workspace-hub/worldenergydata/specs/modules/analysis/archieve/npv/npv-calculation-accuracy/sub-specs/technical-spec.md
  would-move: /mnt/local-analysis/workspace-hub/worldenergydata/specs/modules/analysis/archieve/npv/npv-calculation-accuracy/sub-specs/tests.md
  would-move: /mnt/local-analysis/workspace-hub/worldenergydata/specs/modules/analysis/archieve/npv/npv-calculation-accuracy/tasks.md
  would-move: /mnt/local-analysis/workspace-hub/worldenergydata/specs/modules/analysis/archieve/npv/npv-calculation-accuracy/verification/2025-08-13-npv-troubleshooting/CRITICAL_FINDING.md
  would-move: /mnt/local-analysis/workspace-hub/worldenergydata/specs/modules/analysis/archieve/npv/npv-calculation-accuracy/verification/2025-08-13-npv-troubleshooting/extract_actual_well_data.py
  would-move: /mnt/local-analysis/workspace-hub/worldenergydata/specs/modules/analysis/archieve/npv/npv-calculation-accuracy/verification/2025-08-13-npv-troubleshooting/initial_findings.md
  would-move: /mnt/local-analysis/workspace-hub/worldenergydata/specs/modules/analysis/archieve/npv/npv-calculation-accuracy/verification/2025-08-13-npv-troubleshooting/investigation_checklist.md
  would-move: /mnt/local-analysis/workspace-hub/worldenergydata/specs/modules/analysis/archieve/npv/npv-calculation-accuracy/verification/2025-08-13-npv-troubleshooting/npv_discrepancy_analysis.md
  would-move: /mnt/local-analysis/workspace-hub/worldenergydata/specs/modules/analysis/archieve/npv/npv-calculation-accuracy/verification/2025-08-13-npv-troubleshooting/npv_verification_results.csv
  would-move: /mnt/local-analysis/workspace-hub/worldenergydata/specs/modules/analysis/archieve/npv/npv-calculation-accuracy/verification/2025-08-13-npv-troubleshooting/single_well_verification.py
  would-move: /mnt/local-analysis/workspace-hub/worldenergydata/specs/modules/analysis/archieve/npv/npv-calculation-accuracy/verification/2025-08-13-npv-troubleshooting/single_well_verification_results.csv
  would-move: /mnt/local-analysis/workspace-hub/worldenergydata/specs/modules/analysis/archieve/npv/npv-calculation-accuracy/verification/2025-08-13-npv-troubleshooting/troubleshooting_plan.md
  would-move: /mnt/local-analysis/workspace-hub/worldenergydata/specs/modules/analysis/archieve/npv/npv-calculation-accuracy/verification/2025-08-13-npv-troubleshooting/verification_findings.md
  would-move: /mnt/local-analysis/workspace-hub/worldenergydata/specs/modules/analysis/archieve/npv/npv-calculation-accuracy/verification/2025-08-13-npv-troubleshooting/verify_npv_calculation.py
  would-move: /mnt/local-analysis/workspace-hub/worldenergydata/specs/modules/analysis/archieve/npv/npv-data-source-comparison/spec.md
  would-move: /mnt/local-analysis/workspace-hub/worldenergydata/specs/modules/analysis/archieve/npv/npv-data-source-comparison/sub-specs/technical-spec.md
  would-move: /mnt/local-analysis/workspace-hub/worldenergydata/specs/modules/analysis/archieve/npv/npv-data-source-comparison/sub-specs/tests.md
  would-move: /mnt/local-analysis/workspace-hub/worldenergydata/specs/modules/analysis/archieve/npv/npv-data-source-comparison/tasks.md
  would-move: /mnt/local-analysis/workspace-hub/worldenergydata/specs/modules/analysis/dca-interactive-dashboard/executive-summary.md
  would-move: /mnt/local-analysis/workspace-hub/worldenergydata/specs/modules/analysis/dca-interactive-dashboard/prompt.md
  would-move: /mnt/local-analysis/workspace-hub/worldenergydata/specs/modules/analysis/dca-interactive-dashboard/spec.md
  would-move: /mnt/local-analysis/workspace-hub/worldenergydata/specs/modules/analysis/dca-interactive-dashboard/sub-specs/technical-spec.md
  would-move: /mnt/local-analysis/workspace-hub/worldenergydata/specs/modules/analysis/dca-interactive-dashboard/sub-specs/tests.md
  would-move: /mnt/local-analysis/workspace-hub/worldenergydata/specs/modules/analysis/dca-interactive-dashboard/tasks.md
  would-move: /mnt/local-analysis/workspace-hub/worldenergydata/specs/modules/analysis/dca-interactive-dashboard/task_summary.md
  would-move: /mnt/local-analysis/workspace-hub/worldenergydata/specs/modules/analysis/decline-curve-analysis/executive-summary.md
  would-move: /mnt/local-analysis/workspace-hub/worldenergydata/specs/modules/analysis/decline-curve-analysis/prompt.md
  would-move: /mnt/local-analysis/workspace-hub/worldenergydata/specs/modules/analysis/decline-curve-analysis/spec.md
  would-move: /mnt/local-analysis/workspace-hub/worldenergydata/specs/modules/analysis/decline-curve-analysis/sub-specs/technical-spec.md
  would-move: /mnt/local-analysis/workspace-hub/worldenergydata/specs/modules/analysis/decline-curve-analysis/sub-specs/tests.md
  would-move: /mnt/local-analysis/workspace-hub/worldenergydata/specs/modules/analysis/decline-curve-analysis/tasks.md
  would-move: /mnt/local-analysis/workspace-hub/worldenergydata/specs/modules/analysis/decline-curve-analysis/task_summary.md
  would-move: /mnt/local-analysis/workspace-hub/worldenergydata/specs/modules/analysis/marine/backup-disaster-recovery.md
  would-move: /mnt/local-analysis/workspace-hub/worldenergydata/specs/modules/analysis/marine/cost-estimates.md
  would-move: /mnt/local-analysis/workspace-hub/worldenergydata/specs/modules/analysis/marine/FOUNDERING_INCIDENT_ANALYSIS_SPEC.md
  would-move: /mnt/local-analysis/workspace-hub/worldenergydata/specs/modules/analysis/marine/IMPLEMENTATION_ROADMAP.md
  would-move: /mnt/local-analysis/workspace-hub/worldenergydata/specs/modules/analysis/marine/IMPLEMENTATION_STATUS.md
  would-move: /mnt/local-analysis/workspace-hub/worldenergydata/specs/modules/analysis/marine/INCIDENT_TAXONOMY.md
  would-move: /mnt/local-analysis/workspace-hub/worldenergydata/specs/modules/analysis/marine/infrastructure/.github/workflows/ci-cd.yml
  would-move: /mnt/local-analysis/workspace-hub/worldenergydata/specs/modules/analysis/marine/infrastructure/.gitignore
  would-move: /mnt/local-analysis/workspace-hub/worldenergydata/specs/modules/analysis/marine/infrastructure/docker-compose.yml
  would-move: /mnt/local-analysis/workspace-hub/worldenergydata/specs/modules/analysis/marine/infrastructure/Dockerfile
  would-move: /mnt/local-analysis/workspace-hub/worldenergydata/specs/modules/analysis/marine/infrastructure/INFRASTRUCTURE_SUMMARY.md
  would-move: /mnt/local-analysis/workspace-hub/worldenergydata/specs/modules/analysis/marine/infrastructure/Makefile
  would-move: /mnt/local-analysis/workspace-hub/worldenergydata/specs/modules/analysis/marine/infrastructure/README.md
  would-move: /mnt/local-analysis/workspace-hub/worldenergydata/specs/modules/analysis/marine/infrastructure/terraform/main.tf
  would-move: /mnt/local-analysis/workspace-hub/worldenergydata/specs/modules/analysis/marine/infrastructure/terraform/outputs.tf
  would-move: /mnt/local-analysis/workspace-hub/worldenergydata/specs/modules/analysis/marine/infrastructure/terraform/terraform.tfvars.example
  would-move: /mnt/local-analysis/workspace-hub/worldenergydata/specs/modules/analysis/marine/infrastructure/terraform/variables.tf
  would-move: /mnt/local-analysis/workspace-hub/worldenergydata/specs/modules/analysis/marine/MARINE_SAFETY_SPEC.md
  would-move: /mnt/local-analysis/workspace-hub/worldenergydata/specs/modules/analysis/marine/monitoring-alerting.md
  would-move: /mnt/local-analysis/workspace-hub/worldenergydata/specs/modules/analysis/marine/README.md
  would-move: /mnt/local-analysis/workspace-hub/worldenergydata/specs/modules/analysis/marine/security-architecture.md
  would-move: /mnt/local-analysis/workspace-hub/worldenergydata/specs/modules/analysis/marine/SPECIFICATION_COMPLETE.md
  would-move: /mnt/local-analysis/workspace-hub/worldenergydata/specs/modules/analysis/marine/sub-specs/database-schema-optimized.sql
  would-move: /mnt/local-analysis/workspace-hub/worldenergydata/specs/modules/analysis/marine/sub-specs/schema_sqlite.sql
  would-move: /mnt/local-analysis/workspace-hub/worldenergydata/specs/modules/analysis/marine/testing-strategy.md
  would-move: /mnt/local-analysis/workspace-hub/worldenergydata/specs/modules/analysis/marine/user-roles-permissions.md
  would-move: /mnt/local-analysis/workspace-hub/worldenergydata/specs/modules/analysis/marine/user_prompt.md
  would-move: /mnt/local-analysis/workspace-hub/worldenergydata/specs/modules/analysis/rod-pump/2021_AComprehensiveReviewOfSuckerRodPump.pdf
  would-move: /mnt/local-analysis/workspace-hub/worldenergydata/specs/modules/analysis/rod-pump/Pump_Card_Diagnosis.pdf
  would-move: /mnt/local-analysis/workspace-hub/worldenergydata/specs/modules/analysis/rod-pump/SRP Short Course + eSRP v2.1 2024.pdf
  would-move: /mnt/local-analysis/workspace-hub/worldenergydata/specs/modules/analysis/rod-pump/srp-dynacard-troubleshooting-334.pdf
  would-move: /mnt/local-analysis/workspace-hub/worldenergydata/specs/modules/analysis/well-data-verification/prompt.md
  would-move: /mnt/local-analysis/workspace-hub/worldenergydata/specs/modules/analysis/well-data-verification/README.md
  would-move: /mnt/local-analysis/workspace-hub/worldenergydata/specs/modules/analysis/well-data-verification/spec.md
  would-move: /mnt/local-analysis/workspace-hub/worldenergydata/specs/modules/analysis/well-data-verification/sub-specs/api-spec.md
  would-move: /mnt/local-analysis/workspace-hub/worldenergydata/specs/modules/analysis/well-data-verification/sub-specs/technical-spec.md
  would-move: /mnt/local-analysis/workspace-hub/worldenergydata/specs/modules/analysis/well-data-verification/sub-specs/tests.md
  would-move: /mnt/local-analysis/workspace-hub/worldenergydata/specs/modules/analysis/well-data-verification/tasks.md
  would-move: /mnt/local-analysis/workspace-hub/worldenergydata/specs/modules/analysis/well-data-verification/task_summary.md
  would-move: /mnt/local-analysis/workspace-hub/worldenergydata/specs/modules/analysis/well-production-dashboard/prompt.md
  would-move: /mnt/local-analysis/workspace-hub/worldenergydata/specs/modules/analysis/well-production-dashboard/README.md
  would-move: /mnt/local-analysis/workspace-hub/worldenergydata/specs/modules/analysis/well-production-dashboard/spec.md
  would-move: /mnt/local-analysis/workspace-hub/worldenergydata/specs/modules/analysis/well-production-dashboard/sub-specs/api-spec.md
  would-move: /mnt/local-analysis/workspace-hub/worldenergydata/specs/modules/analysis/well-production-dashboard/sub-specs/technical-spec.md
  would-move: /mnt/local-analysis/workspace-hub/worldenergydata/specs/modules/analysis/well-production-dashboard/sub-specs/tests.md
  would-move: /mnt/local-analysis/workspace-hub/worldenergydata/specs/modules/analysis/well-production-dashboard/tasks.md
  would-move: /mnt/local-analysis/workspace-hub/worldenergydata/specs/modules/analysis/well-production-dashboard/task_summary.md
  would-move: /mnt/local-analysis/workspace-hub/worldenergydata/specs/modules/bsee/comprehensive-report-system/prompt.md
  would-move: /mnt/local-analysis/workspace-hub/worldenergydata/specs/modules/bsee/comprehensive-report-system/spec.md
  would-move: /mnt/local-analysis/workspace-hub/worldenergydata/specs/modules/bsee/comprehensive-report-system/sub-specs/go_by/Jack_field_data.xlsx
  would-move: /mnt/local-analysis/workspace-hub/worldenergydata/specs/modules/bsee/comprehensive-report-system/sub-specs/go_by/Julia Summary.pdf
  would-move: /mnt/local-analysis/workspace-hub/worldenergydata/specs/modules/bsee/comprehensive-report-system/sub-specs/go_by/Julia_field_data.xlsx
  would-move: /mnt/local-analysis/workspace-hub/worldenergydata/specs/modules/bsee/comprehensive-report-system/sub-specs/go_by/North Platte Summary.pdf
  would-move: /mnt/local-analysis/workspace-hub/worldenergydata/specs/modules/bsee/comprehensive-report-system/sub-specs/go_by/St Malo_field_data.xlsx
  would-move: /mnt/local-analysis/workspace-hub/worldenergydata/specs/modules/bsee/comprehensive-report-system/sub-specs/go_by/Stones Summary.pdf
  would-move: /mnt/local-analysis/workspace-hub/worldenergydata/specs/modules/bsee/comprehensive-report-system/sub-specs/go_by/Stones_field_data.xlsx
  would-move: /mnt/local-analysis/workspace-hub/worldenergydata/specs/modules/bsee/comprehensive-report-system/sub-specs/technical-spec.md
  would-move: /mnt/local-analysis/workspace-hub/worldenergydata/specs/modules/bsee/comprehensive-report-system/sub-specs/templates-spec.md
  would-move: /mnt/local-analysis/workspace-hub/worldenergydata/specs/modules/bsee/comprehensive-report-system/sub-specs/tests.md
  would-move: /mnt/local-analysis/workspace-hub/worldenergydata/specs/modules/bsee/comprehensive-report-system/tasks.md
  would-move: /mnt/local-analysis/workspace-hub/worldenergydata/specs/modules/bsee/comprehensive-report-system/task_summary.md
  would-move: /mnt/local-analysis/workspace-hub/worldenergydata/specs/modules/bsee/consolidation/cleanup-proposal-approved.json
  would-move: /mnt/local-analysis/workspace-hub/worldenergydata/specs/modules/bsee/consolidation/COMPLETE_SUMMARY.md
  would-move: /mnt/local-analysis/workspace-hub/worldenergydata/specs/modules/bsee/consolidation/execute_consolidation.sh
  would-move: /mnt/local-analysis/workspace-hub/worldenergydata/specs/modules/bsee/consolidation/IMPLEMENTATION_REPORT.md
  would-move: /mnt/local-analysis/workspace-hub/worldenergydata/specs/modules/bsee/consolidation/migration_log.txt
  would-move: /mnt/local-analysis/workspace-hub/worldenergydata/specs/modules/bsee/consolidation/README.md
  would-move: /mnt/local-analysis/workspace-hub/worldenergydata/specs/modules/bsee/consolidation/READY_TO_EXECUTE.md
  would-move: /mnt/local-analysis/workspace-hub/worldenergydata/specs/modules/bsee/consolidation/scripts/create_compatibility_links.py
  would-move: /mnt/local-analysis/workspace-hub/worldenergydata/specs/modules/bsee/consolidation/scripts/duplicate_detector.py
  would-move: /mnt/local-analysis/workspace-hub/worldenergydata/specs/modules/bsee/consolidation/scripts/inventory_generator.py
  would-move: /mnt/local-analysis/workspace-hub/worldenergydata/specs/modules/bsee/consolidation/scripts/migration_executor.py
  would-move: /mnt/local-analysis/workspace-hub/worldenergydata/specs/modules/bsee/consolidation/scripts/migration_validator.py
  would-move: /mnt/local-analysis/workspace-hub/worldenergydata/specs/modules/bsee/consolidation/scripts/monitor_migration.py
  would-move: /mnt/local-analysis/workspace-hub/worldenergydata/specs/modules/bsee/consolidation/scripts/post_migration_monitor.py
  would-move: /mnt/local-analysis/workspace-hub/worldenergydata/specs/modules/bsee/consolidation/spec.md
  would-move: /mnt/local-analysis/workspace-hub/worldenergydata/specs/modules/bsee/consolidation/STATUS.md
  would-move: /mnt/local-analysis/workspace-hub/worldenergydata/specs/modules/bsee/consolidation/sub-specs/cleanup-proposal-approved-DEMO.json
  would-move: /mnt/local-analysis/workspace-hub/worldenergydata/specs/modules/bsee/consolidation/sub-specs/cleanup-proposal-approved.json.template
  would-move: /mnt/local-analysis/workspace-hub/worldenergydata/specs/modules/bsee/consolidation/sub-specs/cleanup-proposal-detailed.md
  would-move: /mnt/local-analysis/workspace-hub/worldenergydata/specs/modules/bsee/consolidation/sub-specs/cleanup-proposal.md
  would-move: /mnt/local-analysis/workspace-hub/worldenergydata/specs/modules/bsee/consolidation/sub-specs/data-inventory.md
  would-move: /mnt/local-analysis/workspace-hub/worldenergydata/specs/modules/bsee/consolidation/sub-specs/duplicate-analysis.json
  would-move: /mnt/local-analysis/workspace-hub/worldenergydata/specs/modules/bsee/consolidation/sub-specs/duplicate-analysis.md
  would-move: /mnt/local-analysis/workspace-hub/worldenergydata/specs/modules/bsee/consolidation/sub-specs/duplicates.json
  would-move: /mnt/local-analysis/workspace-hub/worldenergydata/specs/modules/bsee/consolidation/sub-specs/inventory.json
  would-move: /mnt/local-analysis/workspace-hub/worldenergydata/specs/modules/bsee/consolidation/sub-specs/technical-spec.md
  would-move: /mnt/local-analysis/workspace-hub/worldenergydata/specs/modules/bsee/consolidation/tasks.md
  would-move: /mnt/local-analysis/workspace-hub/worldenergydata/specs/modules/bsee/consolidation/team_communication.md
  would-move: /mnt/local-analysis/workspace-hub/worldenergydata/specs/modules/bsee/consolidation/validation_checklist.md
  would-move: /mnt/local-analysis/workspace-hub/worldenergydata/specs/modules/bsee/consolidation/validation_report.md
  would-move: /mnt/local-analysis/workspace-hub/worldenergydata/specs/modules/bsee/consolidation/validation_results.json
  would-move: /mnt/local-analysis/workspace-hub/worldenergydata/specs/modules/bsee/data-refresh/plan.md
  would-move: /mnt/local-analysis/workspace-hub/worldenergydata/specs/modules/bsee/data-refresh-architecture/spec.md
  would-move: /mnt/local-analysis/workspace-hub/worldenergydata/specs/modules/bsee/data-refresh-architecture/sub-specs/api-spec.md
  would-move: /mnt/local-analysis/workspace-hub/worldenergydata/specs/modules/bsee/data-refresh-architecture/sub-specs/technical-spec.md
  would-move: /mnt/local-analysis/workspace-hub/worldenergydata/specs/modules/bsee/data-refresh-architecture/sub-specs/tests.md
  would-move: /mnt/local-analysis/workspace-hub/worldenergydata/specs/modules/bsee/data-refresh-architecture/tasks.md
  would-move: /mnt/local-analysis/workspace-hub/worldenergydata/specs/modules/bsee/data-refresh-architecture/task_summary.md
  would-move: /mnt/local-analysis/workspace-hub/worldenergydata/specs/modules/bsee/financial-analysis-sme-code/prompt.md
  would-move: /mnt/local-analysis/workspace-hub/worldenergydata/specs/modules/bsee/financial-analysis-sme-code/spec.md
  would-move: /mnt/local-analysis/workspace-hub/worldenergydata/specs/modules/bsee/financial-analysis-sme-code/sub-specs/api-spec.md
  would-move: /mnt/local-analysis/workspace-hub/worldenergydata/specs/modules/bsee/financial-analysis-sme-code/sub-specs/technical-spec.md
  would-move: /mnt/local-analysis/workspace-hub/worldenergydata/specs/modules/bsee/financial-analysis-sme-code/sub-specs/tests.md
  would-move: /mnt/local-analysis/workspace-hub/worldenergydata/specs/modules/bsee/financial-analysis-sme-code/tasks.md
  would-move: /mnt/local-analysis/workspace-hub/worldenergydata/specs/modules/bsee/financial-analysis-sme-code/task_summary.md
  would-move: /mnt/local-analysis/workspace-hub/worldenergydata/specs/modules/bsee/shenandoah_field/generate_financial_pdfs.py
  would-move: /mnt/local-analysis/workspace-hub/worldenergydata/specs/modules/bsee/shenandoah_field/ALL_WORK_COMPLETE.md
  would-move: /mnt/local-analysis/workspace-hub/worldenergydata/specs/modules/bsee/shenandoah_field/analysis_tables.md
  would-move: /mnt/local-analysis/workspace-hub/worldenergydata/specs/modules/bsee/shenandoah_field/COMPLETION_SUMMARY.md
  would-move: /mnt/local-analysis/workspace-hub/worldenergydata/specs/modules/bsee/shenandoah_field/detailed_budget_model.md
  would-move: /mnt/local-analysis/workspace-hub/worldenergydata/specs/modules/bsee/shenandoah_field/detailed_budget_model.pdf
  would-move: /mnt/local-analysis/workspace-hub/worldenergydata/specs/modules/bsee/shenandoah_field/DETAILED_MODELING_COMPLETE.md
  would-move: /mnt/local-analysis/workspace-hub/worldenergydata/specs/modules/bsee/shenandoah_field/executive_summary.md
  would-move: /mnt/local-analysis/workspace-hub/worldenergydata/specs/modules/bsee/shenandoah_field/executive_summary.pdf
  would-move: /mnt/local-analysis/workspace-hub/worldenergydata/specs/modules/bsee/shenandoah_field/executive_summary_review.md
  would-move: /mnt/local-analysis/workspace-hub/worldenergydata/specs/modules/bsee/shenandoah_field/FID_COST_RESEARCH.md
  would-move: /mnt/local-analysis/workspace-hub/worldenergydata/specs/modules/bsee/shenandoah_field/FID_COST_RESEARCH.pdf
  would-move: /mnt/local-analysis/workspace-hub/worldenergydata/specs/modules/bsee/shenandoah_field/FINAL_DELIVERABLES.md
  would-move: /mnt/local-analysis/workspace-hub/worldenergydata/specs/modules/bsee/shenandoah_field/FINAL_SUMMARY.md
  would-move: /mnt/local-analysis/workspace-hub/worldenergydata/specs/modules/bsee/shenandoah_field/FINANCIAL_MODELING_INDEX.md
  would-move: /mnt/local-analysis/workspace-hub/worldenergydata/specs/modules/bsee/shenandoah_field/FPS_COST_BREAKDOWN_ANALYSIS.md
  would-move: /mnt/local-analysis/workspace-hub/worldenergydata/specs/modules/bsee/shenandoah_field/generate_pdf.py
  would-move: /mnt/local-analysis/workspace-hub/worldenergydata/specs/modules/bsee/shenandoah_field/IMPROVEMENTS_COMPLETED.md
  would-move: /mnt/local-analysis/workspace-hub/worldenergydata/specs/modules/bsee/shenandoah_field/input.yaml
  would-move: /mnt/local-analysis/workspace-hub/worldenergydata/specs/modules/bsee/shenandoah_field/NSAI-Navitas-Shenandoah-Report-as-of-2024-11-30.pdf
  would-move: /mnt/local-analysis/workspace-hub/worldenergydata/specs/modules/bsee/shenandoah_field/PDF_GENERATION_SUMMARY.md
  would-move: /mnt/local-analysis/workspace-hub/worldenergydata/specs/modules/bsee/shenandoah_field/PDF_README.md
  would-move: /mnt/local-analysis/workspace-hub/worldenergydata/specs/modules/bsee/shenandoah_field/PDF_VALIDATION.md
  would-move: /mnt/local-analysis/workspace-hub/worldenergydata/specs/modules/bsee/shenandoah_field/README.md
  would-move: /mnt/local-analysis/workspace-hub/worldenergydata/specs/modules/bsee/shenandoah_field/references.yaml
  would-move: /mnt/local-analysis/workspace-hub/worldenergydata/specs/modules/bsee/shenandoah_field/research_findings.md
  would-move: /mnt/local-analysis/workspace-hub/worldenergydata/specs/modules/bsee/shenandoah_field/RESEARCH_SUMMARY.md
  would-move: /mnt/local-analysis/workspace-hub/worldenergydata/specs/modules/bsee/shenandoah_field/RESEARCH_SUMMARY.pdf
  would-move: /mnt/local-analysis/workspace-hub/worldenergydata/specs/modules/bsee/shenandoah_field/returns_contrast_table.md
  would-move: /mnt/local-analysis/workspace-hub/worldenergydata/specs/modules/bsee/shenandoah_field/review_and_improvements.md
  would-move: /mnt/local-analysis/workspace-hub/worldenergydata/specs/modules/bsee/shenandoah_field/START_HERE.md
  would-move: /mnt/local-analysis/workspace-hub/worldenergydata/specs/modules/bsee/shenandoah_field/user_prompt.md
  would-move: /mnt/local-analysis/workspace-hub/worldenergydata/specs/modules/bsee/shenandoah_field/verify_pdf_tables.py
  would-move: /mnt/local-analysis/workspace-hub/worldenergydata/specs/modules/bsee/shenandoah_field/WELL_ANALYSIS.md
  would-move: /mnt/local-analysis/workspace-hub/worldenergydata/specs/modules/bsee/shenandoah_field/WELL_ANALYSIS.pdf
  would-move: /mnt/local-analysis/workspace-hub/worldenergydata/specs/modules/bsee/well_visualizations.jpeg
  would-move: /mnt/local-analysis/workspace-hub/worldenergydata/specs/modules/bsee-code-refactoring/spec.md
  would-move: /mnt/local-analysis/workspace-hub/worldenergydata/specs/modules/completion-intervention-analysis.md
  would-move: /mnt/local-analysis/workspace-hub/worldenergydata/specs/modules/cozy-cooking-alpaca-agent-a4cde9f.md
  would-move: /mnt/local-analysis/workspace-hub/worldenergydata/specs/modules/cozy-cooking-alpaca-agent-a5ecaeb.md
  would-move: /mnt/local-analysis/workspace-hub/worldenergydata/specs/modules/cozy-cooking-alpaca.md
  would-move: /mnt/local-analysis/workspace-hub/worldenergydata/specs/modules/crystalline-percolating-hanrahan.md
  would-move: /mnt/local-analysis/workspace-hub/worldenergydata/specs/modules/data-procurement/web-api-integration/executive-summary.md
  would-move: /mnt/local-analysis/workspace-hub/worldenergydata/specs/modules/data-procurement/web-api-integration/prompt.md
  would-move: /mnt/local-analysis/workspace-hub/worldenergydata/specs/modules/data-procurement/web-api-integration/spec.md
  would-move: /mnt/local-analysis/workspace-hub/worldenergydata/specs/modules/data-procurement/web-api-integration/sub-specs/api-spec.md
  would-move: /mnt/local-analysis/workspace-hub/worldenergydata/specs/modules/data-procurement/web-api-integration/sub-specs/technical-spec.md
  would-move: /mnt/local-analysis/workspace-hub/worldenergydata/specs/modules/data-procurement/web-api-integration/sub-specs/tests.md
  would-move: /mnt/local-analysis/workspace-hub/worldenergydata/specs/modules/data-procurement/web-api-integration/tasks.md
  would-move: /mnt/local-analysis/workspace-hub/worldenergydata/specs/modules/data-procurement/web-api-integration/task_summary.md
  would-move: /mnt/local-analysis/workspace-hub/worldenergydata/specs/modules/data-sources/canada-research.md
  would-move: /mnt/local-analysis/workspace-hub/worldenergydata/specs/modules/data-sources/landman-research.md
  would-move: /mnt/local-analysis/workspace-hub/worldenergydata/specs/modules/data-sources/mexico-cnh-research.md
  would-move: /mnt/local-analysis/workspace-hub/worldenergydata/specs/modules/data-sources/plan.md
  would-move: /mnt/local-analysis/workspace-hub/worldenergydata/specs/modules/data-sources/review-1.md
  would-move: /mnt/local-analysis/workspace-hub/worldenergydata/specs/modules/data-sources/review-2.md
  would-move: /mnt/local-analysis/workspace-hub/worldenergydata/specs/modules/data-sources/review-3.md
  would-move: /mnt/local-analysis/workspace-hub/worldenergydata/specs/modules/data-sources/sodir-integration/executive-summary.md
  would-move: /mnt/local-analysis/workspace-hub/worldenergydata/specs/modules/data-sources/sodir-integration/prompt.md
  would-move: /mnt/local-analysis/workspace-hub/worldenergydata/specs/modules/data-sources/sodir-integration/spec.md
  would-move: /mnt/local-analysis/workspace-hub/worldenergydata/specs/modules/data-sources/sodir-integration/sub-specs/api-spec.md
  would-move: /mnt/local-analysis/workspace-hub/worldenergydata/specs/modules/data-sources/sodir-integration/sub-specs/database-schema.md
  would-move: /mnt/local-analysis/workspace-hub/worldenergydata/specs/modules/data-sources/sodir-integration/sub-specs/technical-spec.md
  would-move: /mnt/local-analysis/workspace-hub/worldenergydata/specs/modules/data-sources/sodir-integration/sub-specs/tests.md
  would-move: /mnt/local-analysis/workspace-hub/worldenergydata/specs/modules/data-sources/sodir-integration/tasks.md
  would-move: /mnt/local-analysis/workspace-hub/worldenergydata/specs/modules/data-sources/sodir-integration/task_summary.md
  would-move: /mnt/local-analysis/workspace-hub/worldenergydata/specs/modules/data-sources/texas-rrc-research.md
  would-move: /mnt/local-analysis/workspace-hub/worldenergydata/specs/modules/eager-petting-bonbon.md
  would-move: /mnt/local-analysis/workspace-hub/worldenergydata/specs/modules/exports_audit.md
  would-move: /mnt/local-analysis/workspace-hub/worldenergydata/specs/modules/expressive-marinating-dolphin.md
  would-move: /mnt/local-analysis/workspace-hub/worldenergydata/specs/modules/fdas/implementation/plan.md
  would-move: /mnt/local-analysis/workspace-hub/worldenergydata/specs/modules/harmonic-squishing-acorn.md
  would-move: /mnt/local-analysis/workspace-hub/worldenergydata/specs/modules/hse-integration/data-dictionaries.md
  would-move: /mnt/local-analysis/workspace-hub/worldenergydata/specs/modules/hse-integration/spec.md
  would-move: /mnt/local-analysis/workspace-hub/worldenergydata/specs/modules/hse-integration/tasks.md
  would-move: /mnt/local-analysis/workspace-hub/worldenergydata/specs/modules/infrastructure/docs-organization/implementation/documentation_quality_system.py
  would-move: /mnt/local-analysis/workspace-hub/worldenergydata/specs/modules/infrastructure/docs-organization/implementation/README.md
  would-move: /mnt/local-analysis/workspace-hub/worldenergydata/specs/modules/infrastructure/docs-organization/implementation/targeted_migration.py
  would-move: /mnt/local-analysis/workspace-hub/worldenergydata/specs/modules/infrastructure/docs-organization/implementation/test_docs_categorization.py
  would-move: /mnt/local-analysis/workspace-hub/worldenergydata/specs/modules/infrastructure/docs-organization/implementation/test_docs_structure.py
  would-move: /mnt/local-analysis/workspace-hub/worldenergydata/specs/modules/infrastructure/docs-organization/implementation/test_documentation_quality.py
  would-move: /mnt/local-analysis/workspace-hub/worldenergydata/specs/modules/infrastructure/docs-organization/implementation/test_duplicate_consolidation.py
  would-move: /mnt/local-analysis/workspace-hub/worldenergydata/specs/modules/infrastructure/docs-organization/implementation/test_final_verification.py
  would-move: /mnt/local-analysis/workspace-hub/worldenergydata/specs/modules/infrastructure/docs-organization/implementation/test_link_validation.py
  would-move: /mnt/local-analysis/workspace-hub/worldenergydata/specs/modules/infrastructure/docs-organization/implementation/test_migration_system.py
  would-move: /mnt/local-analysis/workspace-hub/worldenergydata/specs/modules/infrastructure/docs-organization/spec.md
  would-move: /mnt/local-analysis/workspace-hub/worldenergydata/specs/modules/infrastructure/docs-organization/sub-specs/technical-spec.md
  would-move: /mnt/local-analysis/workspace-hub/worldenergydata/specs/modules/infrastructure/docs-organization/sub-specs/tests.md
  would-move: /mnt/local-analysis/workspace-hub/worldenergydata/specs/modules/infrastructure/docs-organization/tasks.md
  would-move: /mnt/local-analysis/workspace-hub/worldenergydata/specs/modules/jaunty-plotting-boole.md
  would-move: /mnt/local-analysis/workspace-hub/worldenergydata/specs/modules/jaunty-questing-chipmunk.md
  would-move: /mnt/local-analysis/workspace-hub/worldenergydata/specs/modules/lively-dancing-reddy-agent-a18750e.md
  would-move: /mnt/local-analysis/workspace-hub/worldenergydata/specs/modules/lively-dancing-reddy.md
  would-move: /mnt/local-analysis/workspace-hub/worldenergydata/specs/modules/logical-kindling-quail.md
  would-move: /mnt/local-analysis/workspace-hub/worldenergydata/specs/modules/logical-squishing-hellman.md
  would-move: /mnt/local-analysis/workspace-hub/worldenergydata/specs/modules/marketing/marketing_config_schema.yaml
  would-move: /mnt/local-analysis/workspace-hub/worldenergydata/specs/modules/marketing/master_spec.md
  would-move: /mnt/local-analysis/workspace-hub/worldenergydata/specs/modules/marketing/permian-E&Ps.jpeg
  would-move: /mnt/local-analysis/workspace-hub/worldenergydata/specs/modules/marketing/README.md
  would-move: /mnt/local-analysis/workspace-hub/worldenergydata/specs/modules/marketing/user_prompt.md
  would-move: /mnt/local-analysis/workspace-hub/worldenergydata/specs/modules/marketing/worldenergydata_marketing_config.yaml
  would-move: /mnt/local-analysis/workspace-hub/worldenergydata/specs/modules/migration_manifest.json
  would-move: /mnt/local-analysis/workspace-hub/worldenergydata/specs/modules/rippling-finding-cookie.md
  would-move: /mnt/local-analysis/workspace-hub/worldenergydata/specs/modules/sharded-orbiting-turtle.md
  would-move: /mnt/local-analysis/workspace-hub/worldenergydata/specs/modules/skills/enhancement/plan.md
  would-move: /mnt/local-analysis/workspace-hub/worldenergydata/specs/templates/MODULE_TEMPLATE.md
  would-move: /mnt/local-analysis/workspace-hub/worldenergydata/specs/templates/plan-template-minimal.md
  would-move: /mnt/local-analysis/workspace-hub/worldenergydata/specs/templates/plan-template.md
  would-move: /mnt/local-analysis/workspace-hub/worldenergydata/specs/testing/comprehensive-test-plan/README.md
  would-move: /mnt/local-analysis/workspace-hub/worldenergydata/specs/testing/comprehensive-test-plan/spec.md
  would-move: /mnt/local-analysis/workspace-hub/worldenergydata/specs/testing/comprehensive-test-plan/sub-specs/ai-agents.md
  would-move: /mnt/local-analysis/workspace-hub/worldenergydata/specs/testing/comprehensive-test-plan/sub-specs/technical-spec.md
  would-move: /mnt/local-analysis/workspace-hub/worldenergydata/specs/testing/comprehensive-test-plan/sub-specs/test-matrix.md
  would-move: /mnt/local-analysis/workspace-hub/worldenergydata/specs/testing/comprehensive-test-plan/sub-specs/test-performance-tracking.md
  would-move: /mnt/local-analysis/workspace-hub/worldenergydata/specs/testing/comprehensive-test-plan/tasks.md
  would-move: /mnt/local-analysis/workspace-hub/worldenergydata/specs/testing/comprehensive-test-plan/task_summary.md
repo=worldenergydata loc=data/modules/vessel_hull_models/hulls/converted_gdf/specs files=22 target=/mnt/local-analysis/workspace-hub/specs/repos/worldenergydata/data/modules/vessel_hull_models/hulls/converted_gdf/specs dry_run=true
  would-move: /mnt/local-analysis/workspace-hub/worldenergydata/data/modules/vessel_hull_models/hulls/converted_gdf/specs/modules/orcawave/diffraction-analysis/revision-1/geometry-iterations/sea_cypress_corrected.msh
  would-move: /mnt/local-analysis/workspace-hub/worldenergydata/data/modules/vessel_hull_models/hulls/converted_gdf/specs/modules/orcawave/diffraction-analysis/revision-1/geometry-iterations/sea_cypress_corrected.obj
  would-move: /mnt/local-analysis/workspace-hub/worldenergydata/data/modules/vessel_hull_models/hulls/converted_gdf/specs/modules/orcawave/diffraction-analysis/revision-1/geometry-iterations/sea_cypress_corrected_deep_draft.msh
  would-move: /mnt/local-analysis/workspace-hub/worldenergydata/data/modules/vessel_hull_models/hulls/converted_gdf/specs/modules/orcawave/diffraction-analysis/revision-1/geometry-iterations/sea_cypress_corrected_deep_draft.obj
  would-move: /mnt/local-analysis/workspace-hub/worldenergydata/data/modules/vessel_hull_models/hulls/converted_gdf/specs/modules/orcawave/diffraction-analysis/revision-1/geometry-iterations/sea_cypress_orcawave.msh
  would-move: /mnt/local-analysis/workspace-hub/worldenergydata/data/modules/vessel_hull_models/hulls/converted_gdf/specs/modules/orcawave/diffraction-analysis/revision-1/geometry-iterations/sea_cypress_orcawave.obj
  would-move: /mnt/local-analysis/workspace-hub/worldenergydata/data/modules/vessel_hull_models/hulls/converted_gdf/specs/modules/orcawave/diffraction-analysis/revision-1/geometry-iterations/simple_box_test.msh
  would-move: /mnt/local-analysis/workspace-hub/worldenergydata/data/modules/vessel_hull_models/hulls/converted_gdf/specs/modules/orcawave/diffraction-analysis/revision-1/geometry-iterations/simple_box_test.obj
  would-move: /mnt/local-analysis/workspace-hub/worldenergydata/data/modules/vessel_hull_models/hulls/converted_gdf/specs/modules/orcawave/diffraction-analysis/revision-1/geometry-iterations/small_box_test.msh
  would-move: /mnt/local-analysis/workspace-hub/worldenergydata/data/modules/vessel_hull_models/hulls/converted_gdf/specs/modules/orcawave/diffraction-analysis/revision-1/geometry-iterations/small_box_test.obj
  would-move: /mnt/local-analysis/workspace-hub/worldenergydata/data/modules/vessel_hull_models/hulls/converted_gdf/specs/modules/orcawave/diffraction-analysis/revision-1/geometry-iterations/waterline_test_box.msh
  would-move: /mnt/local-analysis/workspace-hub/worldenergydata/data/modules/vessel_hull_models/hulls/converted_gdf/specs/modules/orcawave/diffraction-analysis/revision-1/geometry-iterations/waterline_test_box.obj
  would-move: /mnt/local-analysis/workspace-hub/worldenergydata/data/modules/vessel_hull_models/hulls/converted_gdf/specs/modules/orcawave/test-configs/geometry/barge.msh
  would-move: /mnt/local-analysis/workspace-hub/worldenergydata/data/modules/vessel_hull_models/hulls/converted_gdf/specs/modules/orcawave/test-configs/geometry/barge.obj
  would-move: /mnt/local-analysis/workspace-hub/worldenergydata/data/modules/vessel_hull_models/hulls/converted_gdf/specs/modules/orcawave/test-configs/geometry/simple_box_test.msh
  would-move: /mnt/local-analysis/workspace-hub/worldenergydata/data/modules/vessel_hull_models/hulls/converted_gdf/specs/modules/orcawave/test-configs/geometry/simple_box_test.obj
  would-move: /mnt/local-analysis/workspace-hub/worldenergydata/data/modules/vessel_hull_models/hulls/converted_gdf/specs/modules/orcawave/test-configs/geometry/simple_semisub.msh
  would-move: /mnt/local-analysis/workspace-hub/worldenergydata/data/modules/vessel_hull_models/hulls/converted_gdf/specs/modules/orcawave/test-configs/geometry/simple_semisub.obj
  would-move: /mnt/local-analysis/workspace-hub/worldenergydata/data/modules/vessel_hull_models/hulls/converted_gdf/specs/modules/orcawave/test-configs/geometry/spar.msh
  would-move: /mnt/local-analysis/workspace-hub/worldenergydata/data/modules/vessel_hull_models/hulls/converted_gdf/specs/modules/orcawave/test-configs/geometry/spar.obj
  would-move: /mnt/local-analysis/workspace-hub/worldenergydata/data/modules/vessel_hull_models/hulls/converted_gdf/specs/modules/orcawave/test-configs/geometry/test_box.msh
  would-move: /mnt/local-analysis/workspace-hub/worldenergydata/data/modules/vessel_hull_models/hulls/converted_gdf/specs/modules/orcawave/test-configs/geometry/test_box.obj
